[20:08:18] 🔄 Ralph Loop starting
[20:08:18]    Repo: /Users/worker/src/lore
[20:08:18]    Ruby: ruby 3.3.7 (2025-01-15 revision be31f993d7) [arm64-darwin25]
[20:08:18]    Max iterations: 1
[20:08:18]    Timeout per iteration: 900s
[20:08:18]    Stop file: /Users/worker/src/lore/.ralph/STOP
[20:08:18] 
[20:08:18] ━━━━━━━━━━━━━━━━━━━━━━━━━━━━━━━━━━━━━━━━
[20:08:18] 📍 Iteration 1 / 1
[20:21:18] ━━━━━━━━━━━━━━━━━━━━━━━━━━━━━━━━━━━━━━━━
[20:21:18] 📍 Iteration 1 / 100
[20:50:51] ━━━━━━━━━━━━━━━━━━━━━━━━━━━━━━━━━━━━━━━━
[20:50:51] 📍 Iteration 2 / 100
[20:52:45] ━━━ Iteration 1 ━━━
[21:05:34] ━━━ Iteration 2 ━━━
[21:12:10] ━━━ Iteration 3 ━━━
[22:53:54] ━━━━━━━━━━━━━━━━━━━━━━━━━━━━━━━━━━━━━━━━
[22:53:54] 📍 Iteration 1 / 100
[23:01:52] ━━━━━━━━━━━━━━━━━━━━━━━━━━━━━━━━━━━━━━━━
[23:01:52] 📍 Iteration 1 / 100
[23:06:29] ⚠️  Iteration 1: no commits, no clear result (exit code: 0)
[23:06:29]    📊 Total new commits this run: 0 | Consecutive failures: 1
[23:06:29] 
[23:06:34] ⛔ Stop file detected. Halting loop.
[23:06:34] 
[23:06:34] 🏁 Ralph Loop finished
[23:06:34]    Iterations run: 2
[23:06:34]    New commits: 0
[23:06:34]    Logs: /Users/worker/src/lore/.ralph
[23:16:33] ━━━━━━━━━━━━━━━━━━━━━━━━━━━━━━━━━━━━━━━━
[23:16:33] 📍 Iteration 2 / 100
[23:21:48] ━━━━━━━━━━━━━━━━━━━━━━━━━━━━━━━━━━━━━━━━
[23:21:48] 📍 Iteration 3 / 100
[23:24:54] ━━━━━━━━━━━━━━━━━━━━━━━━━━━━━━━━━━━━━━━━
[23:24:54] 📍 Iteration 4 / 100
